<?xml version="1.0" encoding="UTF-8"?>
<!-- Generated by org.testng.reporters.JUnitReportReporter -->
<testsuite hostname="hypno-pc" name="com.example.tests.GroupCreationTests" tests="2" failures="0" timestamp="11 Dec 2014 22:06:03 GMT" time="2.500" errors="0">
  <testcase name="testNonEmptyGroupCreation" time="1.570" classname="com.example.tests.GroupCreationTests"/>
  <testcase name="testEmptyGroupCreation1" time="0.930" classname="com.example.tests.GroupCreationTests"/>
</testsuite> <!-- com.example.tests.GroupCreationTests -->
