<?xml version="1.0" encoding="UTF-8"?>
<!-- Generated by org.testng.reporters.JUnitReportReporter -->
<testsuite hostname="hypno-pc" name="com.example.tests.GroupCreationTests" tests="1" failures="0" timestamp="19 Jan 2015 19:17:57 GMT" time="4.719" errors="0">
  <testcase name="testValidDataGroupCreation" time="4.719" classname="com.example.tests.GroupCreationTests"/>
</testsuite> <!-- com.example.tests.GroupCreationTests -->
