<?xml version="1.0" encoding="UTF-8"?>
<!-- Generated by org.testng.reporters.JUnitReportReporter -->
<testsuite hostname="hypno-pc" name="com.example.tests.ContactCreationTests" tests="2" failures="0" timestamp="24 Dec 2014 08:36:35 GMT" time="4.507" errors="0">
  <testcase name="testEmptyContactCreation" time="3.012" classname="com.example.tests.ContactCreationTests"/>
  <testcase name="testNonEmptyContactCreation" time="1.495" classname="com.example.tests.ContactCreationTests"/>
</testsuite> <!-- com.example.tests.ContactCreationTests -->
