<?xml version="1.0" encoding="UTF-8"?>
<!-- Generated by org.testng.reporters.JUnitReportReporter -->
<testsuite hostname="hypno-pc" name="com.example.tests.GroupModificationTests" tests="1" failures="0" timestamp="18 Jan 2015 21:42:15 GMT" time="1.370" errors="0">
  <testcase name="modificationSomeGroup" time="1.370" classname="com.example.tests.GroupModificationTests"/>
</testsuite> <!-- com.example.tests.GroupModificationTests -->
