<?xml version="1.0" encoding="UTF-8"?>
<!-- Generated by org.testng.reporters.JUnitReportReporter -->
<testsuite hostname="hypno-pc" name="com.example.tests.ContactRemovalTests" tests="1" failures="0" timestamp="19 Jan 2015 18:54:59 GMT" time="5.246" errors="0">
  <testcase name="deleteSomeContact" time="5.246" classname="com.example.tests.ContactRemovalTests"/>
</testsuite> <!-- com.example.tests.ContactRemovalTests -->
