<?xml version="1.0" encoding="UTF-8"?>
<!-- Generated by org.testng.reporters.JUnitReportReporter -->
<testsuite hostname="hypno-pc" name="com.example.tests.GroupCreationTests" tests="2" failures="0" timestamp="19 Dec 2014 07:39:53 GMT" time="8.463" errors="0">
  <testcase name="testEmptyGroupCreation1" time="4.489" classname="com.example.tests.GroupCreationTests"/>
  <testcase name="testNonEmptyGroupCreation" time="3.974" classname="com.example.tests.GroupCreationTests"/>
</testsuite> <!-- com.example.tests.GroupCreationTests -->
