<?xml version="1.0" encoding="UTF-8"?>
<!-- Generated by org.testng.reporters.JUnitReportReporter -->
<testsuite hostname="hypno-pc" name="com.example.tests.ContactCreationTests" tests="1" failures="0" timestamp="19 Jan 2015 21:09:58 GMT" time="4.273" errors="0">
  <testcase name="testValidContactCreationTest" time="4.273" classname="com.example.tests.ContactCreationTests"/>
</testsuite> <!-- com.example.tests.ContactCreationTests -->
