<?xml version="1.0" encoding="UTF-8"?>
<!-- Generated by org.testng.reporters.JUnitReportReporter -->
<testsuite hostname="hypno-pc" name="com.example.tests.ContactRemovalTests" tests="1" failures="0" timestamp="24 Dec 2014 17:24:36 GMT" time="0.996" errors="0">
  <testcase name="deleteSomeContact" time="0.996" classname="com.example.tests.ContactRemovalTests"/>
</testsuite> <!-- com.example.tests.ContactRemovalTests -->
