<?xml version="1.0" encoding="UTF-8"?>
<!-- Generated by org.testng.reporters.JUnitReportReporter -->
<testsuite hostname="hypno-pc" name="com.example.tests.ContactCreationTests" tests="2" failures="0" timestamp="11 Dec 2014 22:16:55 GMT" time="4.203" errors="0">
  <testcase name="testNonEmptyGroupCreation" time="1.563" classname="com.example.tests.ContactCreationTests"/>
  <testcase name="testEmptyGroupCreation" time="2.640" classname="com.example.tests.ContactCreationTests"/>
</testsuite> <!-- com.example.tests.ContactCreationTests -->
