<?xml version="1.0" encoding="UTF-8"?>
<!-- Generated by org.testng.reporters.JUnitReportReporter -->
<testsuite hostname="hypno-pc" name="com.example.tests.GroupCreationTests" tests="2" failures="0" timestamp="9 Dec 2014 20:57:32 GMT" time="2.780" errors="0">
  <testcase name="testNonEmptyGroupCreation" time="1.860" classname="com.example.tests.GroupCreationTests"/>
  <testcase name="testEmptyGroupCreation1" time="0.920" classname="com.example.tests.GroupCreationTests"/>
</testsuite> <!-- com.example.tests.GroupCreationTests -->
