<?xml version="1.0" encoding="UTF-8"?>
<!-- Generated by org.testng.reporters.JUnitReportReporter -->
<testsuite hostname="hypno-pc" name="com.example.tests.ContactCreationTests" tests="2" failures="0" timestamp="11 Dec 2014 22:06:03 GMT" time="3.281" errors="0">
  <testcase name="testEmptyGroupCreation" time="1.950" classname="com.example.tests.ContactCreationTests"/>
  <testcase name="testNonEmptyGroupCreation" time="1.331" classname="com.example.tests.ContactCreationTests"/>
</testsuite> <!-- com.example.tests.ContactCreationTests -->
