<?xml version="1.0" encoding="UTF-8"?>
<!-- Generated by org.testng.reporters.JUnitReportReporter -->
<testsuite hostname="hypno-pc" name="com.example.tests.ContactCreationTests" tests="2" failures="0" timestamp="9 Dec 2014 20:57:32 GMT" time="1.720" errors="0">
  <testcase name="testEmptyGroupCreation1" time="0.770" classname="com.example.tests.ContactCreationTests"/>
  <testcase name="testNonEmptyGroupCreation" time="0.950" classname="com.example.tests.ContactCreationTests"/>
</testsuite> <!-- com.example.tests.ContactCreationTests -->
