<?xml version="1.0" encoding="UTF-8"?>
<!-- Generated by org.testng.reporters.JUnitReportReporter -->
<testsuite hostname="hypno-pc" name="com.example.tests.ContactPemovalTests" tests="1" failures="0" timestamp="19 Dec 2014 14:51:33 GMT" time="1.120" errors="0">
  <testcase name="deleteSomeContact" time="1.120" classname="com.example.tests.ContactPemovalTests"/>
</testsuite> <!-- com.example.tests.ContactPemovalTests -->
