<?xml version="1.0" encoding="UTF-8"?>
<!-- Generated by org.testng.reporters.JUnitReportReporter -->
<testsuite hostname="hypno-pc" name="com.example.tests.GroupRemovalTests" tests="1" failures="0" timestamp="18 Jan 2015 19:44:46 GMT" time="1.446" errors="0">
  <testcase name="deleteSomeGroup" time="1.446" classname="com.example.tests.GroupRemovalTests"/>
</testsuite> <!-- com.example.tests.GroupRemovalTests -->
